mode: set
PRmanager/internal/repository/repository.go:37.48,48.16 3 0
PRmanager/internal/repository/repository.go:48.16,50.3 1 0
PRmanager/internal/repository/repository.go:52.2,52.30 1 0
PRmanager/internal/repository/repository.go:55.84,64.16 4 0
PRmanager/internal/repository/repository.go:64.16,67.3 2 0
PRmanager/internal/repository/repository.go:69.2,69.20 1 0
PRmanager/internal/repository/repository.go:72.78,74.16 2 0
PRmanager/internal/repository/repository.go:74.16,77.3 2 0
PRmanager/internal/repository/repository.go:79.2,84.94 2 0
PRmanager/internal/repository/repository.go:84.94,88.3 3 0
PRmanager/internal/repository/repository.go:90.2,96.42 2 0
PRmanager/internal/repository/repository.go:96.42,107.17 3 0
PRmanager/internal/repository/repository.go:107.17,111.4 3 0
PRmanager/internal/repository/repository.go:114.2,114.35 1 0
PRmanager/internal/repository/repository.go:114.35,117.3 2 0
PRmanager/internal/repository/repository.go:119.2,119.12 1 0
PRmanager/internal/repository/repository.go:122.95,134.35 4 0
PRmanager/internal/repository/repository.go:134.35,137.3 2 0
PRmanager/internal/repository/repository.go:139.2,139.16 1 0
PRmanager/internal/repository/repository.go:139.16,142.3 2 0
PRmanager/internal/repository/repository.go:144.2,151.16 3 0
PRmanager/internal/repository/repository.go:151.16,154.3 2 0
PRmanager/internal/repository/repository.go:155.2,155.15 1 0
PRmanager/internal/repository/repository.go:155.15,157.3 1 0
PRmanager/internal/repository/repository.go:159.2,160.18 2 0
PRmanager/internal/repository/repository.go:160.18,171.17 3 0
PRmanager/internal/repository/repository.go:171.17,174.4 2 0
PRmanager/internal/repository/repository.go:176.3,176.54 1 0
PRmanager/internal/repository/repository.go:179.2,179.19 1 0
PRmanager/internal/repository/repository.go:182.106,200.35 4 0
PRmanager/internal/repository/repository.go:200.35,203.3 2 0
PRmanager/internal/repository/repository.go:205.2,205.16 1 0
PRmanager/internal/repository/repository.go:205.16,208.3 2 0
PRmanager/internal/repository/repository.go:210.2,217.16 3 0
PRmanager/internal/repository/repository.go:217.16,220.3 2 0
PRmanager/internal/repository/repository.go:222.2,222.19 1 0
PRmanager/internal/repository/repository.go:225.99,238.35 5 0
PRmanager/internal/repository/repository.go:238.35,241.3 2 0
PRmanager/internal/repository/repository.go:243.2,243.16 1 0
PRmanager/internal/repository/repository.go:243.16,246.3 2 0
PRmanager/internal/repository/repository.go:247.2,247.19 1 0
PRmanager/internal/repository/repository.go:250.108,264.16 3 0
PRmanager/internal/repository/repository.go:264.16,267.3 2 0
PRmanager/internal/repository/repository.go:268.2,268.15 1 0
PRmanager/internal/repository/repository.go:268.15,270.3 1 0
PRmanager/internal/repository/repository.go:272.2,273.18 2 0
PRmanager/internal/repository/repository.go:273.18,282.17 3 0
PRmanager/internal/repository/repository.go:282.17,285.4 2 0
PRmanager/internal/repository/repository.go:287.3,287.32 1 0
PRmanager/internal/repository/repository.go:289.2,289.21 1 0
PRmanager/internal/repository/repository.go:292.93,303.16 4 0
PRmanager/internal/repository/repository.go:303.16,306.3 2 0
PRmanager/internal/repository/repository.go:308.2,308.20 1 0
PRmanager/internal/repository/repository.go:311.93,323.16 3 0
PRmanager/internal/repository/repository.go:323.16,326.3 2 0
PRmanager/internal/repository/repository.go:327.2,327.15 1 0
PRmanager/internal/repository/repository.go:327.15,329.3 1 0
PRmanager/internal/repository/repository.go:331.2,333.18 2 0
PRmanager/internal/repository/repository.go:333.18,342.17 3 0
PRmanager/internal/repository/repository.go:342.17,345.4 2 0
PRmanager/internal/repository/repository.go:347.3,347.31 1 0
PRmanager/internal/repository/repository.go:350.2,350.21 1 0
PRmanager/internal/repository/repository.go:353.125,355.16 2 0
PRmanager/internal/repository/repository.go:355.16,358.3 2 0
PRmanager/internal/repository/repository.go:360.2,375.16 3 0
PRmanager/internal/repository/repository.go:375.16,379.3 3 0
PRmanager/internal/repository/repository.go:381.2,387.30 2 0
PRmanager/internal/repository/repository.go:387.30,389.17 2 0
PRmanager/internal/repository/repository.go:389.17,393.4 3 0
PRmanager/internal/repository/repository.go:396.2,396.36 1 0
PRmanager/internal/repository/repository.go:396.36,399.3 2 0
PRmanager/internal/repository/repository.go:401.2,401.12 1 0
PRmanager/internal/repository/repository.go:404.109,432.35 4 0
PRmanager/internal/repository/repository.go:432.35,434.3 1 0
PRmanager/internal/repository/repository.go:436.2,436.16 1 0
PRmanager/internal/repository/repository.go:436.16,439.3 2 0
PRmanager/internal/repository/repository.go:441.2,452.16 3 0
PRmanager/internal/repository/repository.go:452.16,455.3 2 0
PRmanager/internal/repository/repository.go:456.2,456.15 1 0
PRmanager/internal/repository/repository.go:456.15,458.3 1 0
PRmanager/internal/repository/repository.go:460.2,462.18 2 0
PRmanager/internal/repository/repository.go:462.18,470.17 3 0
PRmanager/internal/repository/repository.go:470.17,473.4 2 0
PRmanager/internal/repository/repository.go:475.3,475.57 1 0
PRmanager/internal/repository/repository.go:478.2,478.16 1 0
PRmanager/internal/repository/repository.go:481.101,494.16 4 0
PRmanager/internal/repository/repository.go:494.16,497.3 2 0
PRmanager/internal/repository/repository.go:499.2,499.22 1 0
PRmanager/internal/repository/repository.go:502.113,504.16 2 0
PRmanager/internal/repository/repository.go:504.16,507.3 2 0
PRmanager/internal/repository/repository.go:509.2,515.16 3 0
PRmanager/internal/repository/repository.go:515.16,519.3 3 0
PRmanager/internal/repository/repository.go:521.2,522.16 2 0
PRmanager/internal/repository/repository.go:522.16,526.3 3 0
PRmanager/internal/repository/repository.go:528.2,535.16 3 0
PRmanager/internal/repository/repository.go:535.16,539.3 3 0
PRmanager/internal/repository/repository.go:541.2,542.16 2 0
PRmanager/internal/repository/repository.go:542.16,546.3 3 0
PRmanager/internal/repository/repository.go:548.2,548.36 1 0
PRmanager/internal/repository/repository.go:548.36,551.3 2 0
PRmanager/internal/repository/repository.go:553.2,554.12 2 0
PRmanager/internal/repository/repository.go:557.83,564.16 3 0
PRmanager/internal/repository/repository.go:564.16,567.3 2 0
PRmanager/internal/repository/repository.go:569.2,570.16 2 0
PRmanager/internal/repository/repository.go:570.16,573.3 2 0
PRmanager/internal/repository/repository.go:575.2,575.12 1 0
PRmanager/internal/delivery/response/error_resp.go:15.93,19.60 4 0
PRmanager/internal/delivery/response/error_resp.go:19.60,21.3 1 0
PRmanager/internal/delivery/response/ok_resp.go:31.97,35.60 4 0
PRmanager/internal/delivery/response/ok_resp.go:35.60,37.3 1 0
PRmanager/internal/delivery/response/ok_resp.go:40.90,43.56 3 0
PRmanager/internal/delivery/response/ok_resp.go:43.56,45.3 1 0
PRmanager/internal/delivery/response/ok_resp.go:48.93,52.60 4 0
PRmanager/internal/delivery/response/ok_resp.go:52.60,54.3 1 0
PRmanager/internal/delivery/response/ok_resp.go:57.96,60.58 3 0
PRmanager/internal/delivery/response/ok_resp.go:60.58,62.3 1 0
PRmanager/internal/delivery/response/ok_resp.go:65.120,69.60 4 0
PRmanager/internal/delivery/response/ok_resp.go:69.60,71.3 1 0
PRmanager/internal/delivery/response/ok_resp.go:74.118,78.60 4 0
PRmanager/internal/delivery/response/ok_resp.go:78.60,80.3 1 0
PRmanager/internal/delivery/response/ok_resp.go:83.102,87.60 4 0
PRmanager/internal/delivery/response/ok_resp.go:87.60,89.3 1 0
PRmanager/internal/delivery/response/ok_resp.go:92.44,94.2 1 0
PRmanager/app/main.go:16.13,38.2 16 0
PRmanager/internal/delivery/handlers.go:22.83,27.2 1 0
PRmanager/internal/delivery/handlers.go:29.67,32.16 3 0
PRmanager/internal/delivery/handlers.go:32.16,36.3 3 0
PRmanager/internal/delivery/handlers.go:38.2,39.45 2 0
PRmanager/internal/delivery/handlers.go:39.45,43.3 3 0
PRmanager/internal/delivery/handlers.go:45.2,45.16 1 0
PRmanager/internal/delivery/handlers.go:45.16,49.3 3 0
PRmanager/internal/delivery/handlers.go:51.2,52.102 2 0
PRmanager/internal/delivery/handlers.go:55.67,57.20 2 0
PRmanager/internal/delivery/handlers.go:57.20,61.3 3 0
PRmanager/internal/delivery/handlers.go:63.2,64.51 2 0
PRmanager/internal/delivery/handlers.go:64.51,68.3 3 0
PRmanager/internal/delivery/handlers.go:70.2,70.16 1 0
PRmanager/internal/delivery/handlers.go:70.16,74.3 3 0
PRmanager/internal/delivery/handlers.go:76.2,77.97 2 0
PRmanager/internal/delivery/handlers.go:80.71,83.16 3 0
PRmanager/internal/delivery/handlers.go:83.16,87.3 3 0
PRmanager/internal/delivery/handlers.go:89.2,90.51 2 0
PRmanager/internal/delivery/handlers.go:90.51,94.3 3 0
PRmanager/internal/delivery/handlers.go:96.2,96.16 1 0
PRmanager/internal/delivery/handlers.go:96.16,100.3 3 0
PRmanager/internal/delivery/handlers.go:102.2,103.149 2 0
PRmanager/internal/delivery/handlers.go:106.69,108.24 2 0
PRmanager/internal/delivery/handlers.go:108.24,112.3 3 0
PRmanager/internal/delivery/handlers.go:114.2,115.51 2 0
PRmanager/internal/delivery/handlers.go:115.51,119.3 3 0
PRmanager/internal/delivery/handlers.go:121.2,121.16 1 0
PRmanager/internal/delivery/handlers.go:121.16,125.3 3 0
PRmanager/internal/delivery/handlers.go:127.2,128.109 2 0
PRmanager/internal/delivery/handlers.go:131.77,134.16 3 0
PRmanager/internal/delivery/handlers.go:134.16,138.3 3 0
PRmanager/internal/delivery/handlers.go:140.2,141.51 2 0
PRmanager/internal/delivery/handlers.go:141.51,145.3 3 0
PRmanager/internal/delivery/handlers.go:147.2,147.52 1 0
PRmanager/internal/delivery/handlers.go:147.52,151.3 3 0
PRmanager/internal/delivery/handlers.go:153.2,153.16 1 0
PRmanager/internal/delivery/handlers.go:153.16,157.3 3 0
PRmanager/internal/delivery/handlers.go:159.2,160.128 2 0
PRmanager/internal/delivery/handlers.go:163.76,166.16 3 0
PRmanager/internal/delivery/handlers.go:166.16,170.3 3 0
PRmanager/internal/delivery/handlers.go:172.2,173.51 2 0
PRmanager/internal/delivery/handlers.go:173.51,177.3 3 0
PRmanager/internal/delivery/handlers.go:179.2,179.16 1 0
PRmanager/internal/delivery/handlers.go:179.16,183.3 3 0
PRmanager/internal/delivery/handlers.go:185.2,186.124 2 0
PRmanager/internal/delivery/handlers.go:189.68,192.16 3 0
PRmanager/internal/delivery/handlers.go:192.16,196.3 3 0
PRmanager/internal/delivery/handlers.go:198.2,199.51 2 0
PRmanager/internal/delivery/handlers.go:199.51,203.3 3 0
PRmanager/internal/delivery/handlers.go:205.2,205.52 1 0
PRmanager/internal/delivery/handlers.go:205.52,209.3 3 0
PRmanager/internal/delivery/handlers.go:211.2,211.16 1 0
PRmanager/internal/delivery/handlers.go:211.16,215.3 3 0
PRmanager/internal/delivery/handlers.go:217.2,218.119 2 0
PRmanager/config/config.go:22.27,44.2 1 0
PRmanager/internal/repository/mocks/mock_repository.go:28.83,32.2 3 0
PRmanager/internal/repository/mocks/mock_repository.go:35.81,37.2 1 0
PRmanager/internal/repository/mocks/mock_repository.go:40.137,45.2 4 0
PRmanager/internal/repository/mocks/mock_repository.go:48.118,51.2 2 0
PRmanager/internal/repository/mocks/mock_repository.go:54.92,59.2 4 0
PRmanager/internal/repository/mocks/mock_repository.go:62.95,65.2 2 0
PRmanager/internal/repository/mocks/mock_repository.go:68.93,73.2 4 0
PRmanager/internal/repository/mocks/mock_repository.go:76.105,79.2 2 0
PRmanager/internal/repository/mocks/mock_repository.go:82.122,88.2 5 0
PRmanager/internal/repository/mocks/mock_repository.go:91.109,94.2 2 0
PRmanager/internal/repository/mocks/mock_repository.go:97.123,103.2 5 0
PRmanager/internal/repository/mocks/mock_repository.go:106.109,109.2 2 0
PRmanager/internal/repository/mocks/mock_repository.go:112.109,118.2 5 0
PRmanager/internal/repository/mocks/mock_repository.go:121.102,124.2 2 0
PRmanager/internal/repository/mocks/mock_repository.go:127.107,133.2 5 0
PRmanager/internal/repository/mocks/mock_repository.go:136.101,139.2 2 0
PRmanager/internal/repository/mocks/mock_repository.go:142.113,148.2 5 0
PRmanager/internal/repository/mocks/mock_repository.go:151.106,154.2 2 0
PRmanager/internal/repository/mocks/mock_repository.go:157.107,163.2 5 0
PRmanager/internal/repository/mocks/mock_repository.go:166.108,169.2 2 0
PRmanager/internal/repository/mocks/mock_repository.go:172.119,177.2 4 0
PRmanager/internal/repository/mocks/mock_repository.go:180.131,183.2 2 0
PRmanager/internal/repository/mocks/mock_repository.go:186.120,192.2 5 0
PRmanager/internal/repository/mocks/mock_repository.go:195.108,198.2 2 0
PRmanager/internal/repository/mocks/mock_repository.go:201.115,207.2 5 0
PRmanager/internal/repository/mocks/mock_repository.go:210.111,213.2 2 0
PRmanager/internal/repository/mocks/mock_repository.go:216.98,222.2 5 0
PRmanager/internal/repository/mocks/mock_repository.go:225.99,228.2 2 0
PRmanager/internal/usecase/usecase.go:28.63,30.2 1 1
PRmanager/internal/usecase/usecase.go:32.75,34.16 2 1
PRmanager/internal/usecase/usecase.go:34.16,37.3 2 1
PRmanager/internal/usecase/usecase.go:38.2,38.12 1 1
PRmanager/internal/usecase/usecase.go:38.12,41.3 2 1
PRmanager/internal/usecase/usecase.go:43.2,48.32 2 1
PRmanager/internal/usecase/usecase.go:48.32,56.3 2 1
PRmanager/internal/usecase/usecase.go:58.2,58.53 1 1
PRmanager/internal/usecase/usecase.go:58.53,61.3 2 1
PRmanager/internal/usecase/usecase.go:63.2,64.12 2 1
PRmanager/internal/usecase/usecase.go:67.96,69.16 2 1
PRmanager/internal/usecase/usecase.go:69.16,72.3 2 1
PRmanager/internal/usecase/usecase.go:74.2,74.17 1 1
PRmanager/internal/usecase/usecase.go:74.17,77.3 2 1
PRmanager/internal/usecase/usecase.go:79.2,86.37 3 1
PRmanager/internal/usecase/usecase.go:86.37,94.3 2 1
PRmanager/internal/usecase/usecase.go:95.2,95.21 1 1
PRmanager/internal/usecase/usecase.go:98.105,100.16 2 1
PRmanager/internal/usecase/usecase.go:100.16,103.3 2 1
PRmanager/internal/usecase/usecase.go:105.2,105.17 1 1
PRmanager/internal/usecase/usecase.go:105.17,108.3 2 1
PRmanager/internal/usecase/usecase.go:110.2,118.21 3 1
PRmanager/internal/usecase/usecase.go:121.98,123.16 2 1
PRmanager/internal/usecase/usecase.go:123.16,126.3 2 1
PRmanager/internal/usecase/usecase.go:128.2,128.17 1 1
PRmanager/internal/usecase/usecase.go:128.17,131.3 2 1
PRmanager/internal/usecase/usecase.go:133.2,134.16 2 1
PRmanager/internal/usecase/usecase.go:134.16,137.3 2 1
PRmanager/internal/usecase/usecase.go:139.2,144.29 2 1
PRmanager/internal/usecase/usecase.go:144.29,151.3 1 1
PRmanager/internal/usecase/usecase.go:153.2,154.23 2 1
PRmanager/internal/usecase/usecase.go:157.141,159.16 2 1
PRmanager/internal/usecase/usecase.go:159.16,162.3 2 1
PRmanager/internal/usecase/usecase.go:164.2,164.12 1 1
PRmanager/internal/usecase/usecase.go:164.12,167.3 2 1
PRmanager/internal/usecase/usecase.go:169.2,170.16 2 1
PRmanager/internal/usecase/usecase.go:170.16,173.3 2 1
PRmanager/internal/usecase/usecase.go:175.2,175.17 1 1
PRmanager/internal/usecase/usecase.go:175.17,178.3 2 1
PRmanager/internal/usecase/usecase.go:180.2,181.16 2 1
PRmanager/internal/usecase/usecase.go:181.16,184.3 2 1
PRmanager/internal/usecase/usecase.go:186.2,188.33 2 1
PRmanager/internal/usecase/usecase.go:188.33,189.38 1 1
PRmanager/internal/usecase/usecase.go:189.38,190.12 1 1
PRmanager/internal/usecase/usecase.go:192.3,192.22 1 1
PRmanager/internal/usecase/usecase.go:192.22,194.4 1 1
PRmanager/internal/usecase/usecase.go:197.2,198.25 2 1
PRmanager/internal/usecase/usecase.go:199.9,199.9 0 1
PRmanager/internal/usecase/usecase.go:201.9,202.47 1 1
PRmanager/internal/usecase/usecase.go:203.10,204.48 1 1
PRmanager/internal/usecase/usecase.go:204.48,206.4 1 1
PRmanager/internal/usecase/usecase.go:208.3,208.62 1 1
PRmanager/internal/usecase/usecase.go:211.2,222.16 4 1
PRmanager/internal/usecase/usecase.go:222.16,225.3 2 1
PRmanager/internal/usecase/usecase.go:227.2,235.37 2 1
PRmanager/internal/usecase/usecase.go:235.37,237.3 1 1
PRmanager/internal/usecase/usecase.go:239.2,239.19 1 1
PRmanager/internal/usecase/usecase.go:242.138,244.16 2 1
PRmanager/internal/usecase/usecase.go:244.16,247.3 2 1
PRmanager/internal/usecase/usecase.go:249.2,249.15 1 1
PRmanager/internal/usecase/usecase.go:249.15,252.3 2 1
PRmanager/internal/usecase/usecase.go:254.2,254.27 1 1
PRmanager/internal/usecase/usecase.go:254.27,266.42 4 1
PRmanager/internal/usecase/usecase.go:266.42,268.4 1 1
PRmanager/internal/usecase/usecase.go:270.3,270.20 1 1
PRmanager/internal/usecase/usecase.go:273.2,277.16 4 0
PRmanager/internal/usecase/usecase.go:277.16,280.3 2 0
PRmanager/internal/usecase/usecase.go:282.2,292.41 3 0
PRmanager/internal/usecase/usecase.go:292.41,294.3 1 0
PRmanager/internal/usecase/usecase.go:296.2,296.19 1 0
PRmanager/internal/usecase/usecase.go:299.114,301.16 2 0
PRmanager/internal/usecase/usecase.go:301.16,304.3 2 0
PRmanager/internal/usecase/usecase.go:306.2,306.15 1 0
PRmanager/internal/usecase/usecase.go:306.15,309.3 2 0
PRmanager/internal/usecase/usecase.go:311.2,312.16 2 0
PRmanager/internal/usecase/usecase.go:312.16,315.3 2 0
PRmanager/internal/usecase/usecase.go:317.2,317.17 1 0
PRmanager/internal/usecase/usecase.go:317.17,320.3 2 0
PRmanager/internal/usecase/usecase.go:322.2,322.27 1 0
PRmanager/internal/usecase/usecase.go:322.27,325.3 2 0
PRmanager/internal/usecase/usecase.go:327.2,329.41 3 0
PRmanager/internal/usecase/usecase.go:329.41,330.31 1 0
PRmanager/internal/usecase/usecase.go:330.31,332.12 2 0
PRmanager/internal/usecase/usecase.go:334.3,334.20 1 0
PRmanager/internal/usecase/usecase.go:337.2,337.25 1 0
PRmanager/internal/usecase/usecase.go:337.25,348.42 2 0
PRmanager/internal/usecase/usecase.go:348.42,350.4 1 0
PRmanager/internal/usecase/usecase.go:352.3,353.20 2 0
PRmanager/internal/usecase/usecase.go:356.2,357.16 2 0
PRmanager/internal/usecase/usecase.go:357.16,360.3 2 0
PRmanager/internal/usecase/usecase.go:362.2,363.33 2 0
PRmanager/internal/usecase/usecase.go:363.33,364.76 1 0
PRmanager/internal/usecase/usecase.go:364.76,365.12 1 0
PRmanager/internal/usecase/usecase.go:368.3,368.72 1 0
PRmanager/internal/usecase/usecase.go:368.72,369.12 1 0
PRmanager/internal/usecase/usecase.go:371.3,371.22 1 0
PRmanager/internal/usecase/usecase.go:371.22,373.4 1 0
PRmanager/internal/usecase/usecase.go:376.2,376.26 1 0
PRmanager/internal/usecase/usecase.go:376.26,378.17 2 0
PRmanager/internal/usecase/usecase.go:378.17,381.4 2 0
PRmanager/internal/usecase/usecase.go:383.3,392.27 2 0
PRmanager/internal/usecase/usecase.go:392.27,394.4 1 0
PRmanager/internal/usecase/usecase.go:396.3,396.20 1 0
PRmanager/internal/usecase/usecase.go:398.8,399.48 1 0
PRmanager/internal/usecase/usecase.go:399.48,401.4 1 0
PRmanager/internal/usecase/usecase.go:404.2,405.16 2 0
PRmanager/internal/usecase/usecase.go:405.16,408.3 2 0
PRmanager/internal/usecase/usecase.go:410.2,421.26 3 0
PRmanager/internal/usecase/usecase.go:421.26,423.3 1 0
PRmanager/internal/usecase/usecase.go:425.2,426.19 2 0
PRmanager/pkg/panic/panic_middleware.go:9.54,10.71 1 0
PRmanager/pkg/panic/panic_middleware.go:10.71,11.16 1 0
PRmanager/pkg/panic/panic_middleware.go:11.16,12.36 1 0
PRmanager/pkg/panic/panic_middleware.go:12.36,16.5 3 0
PRmanager/pkg/panic/panic_middleware.go:18.3,18.23 1 0
PRmanager/pkg/logs/log.go:9.62,11.26 2 0
PRmanager/pkg/logs/log.go:11.26,15.3 2 0
PRmanager/pkg/logs/log.go:17.2,25.17 4 0
PRmanager/pkg/logs/log_middleware.go:27.68,29.24 2 0
PRmanager/pkg/logs/log_middleware.go:29.24,31.3 1 0
PRmanager/pkg/logs/log_middleware.go:33.2,43.28 9 0
PRmanager/pkg/logs/log_middleware.go:43.28,51.3 1 0
PRmanager/pkg/logs/log_middleware.go:53.2,53.27 1 0
PRmanager/pkg/logs/log_middleware.go:56.55,57.71 1 0
PRmanager/pkg/logs/log_middleware.go:57.71,68.3 5 0
